<!DOCTYPE html>

<html>
  <head>
  <meta charset='utf-8'>
  <title>TestNG reports</title>

    <link type="text/css" href="testng-reports1.css" rel="stylesheet" id="ultra" />
    <link type="text/css" href="testng-reports.css" rel="stylesheet" id="retro" disabled="false"/>
    <script type="text/javascript" src="jquery-3.6.0.min.js"></script>
    <script type="text/javascript" src="testng-reports.js"></script>
    <script type="text/javascript" src="https://www.google.com/jsapi"></script>
    <script type='text/javascript'>
      google.load('visualization', '1', {packages:['table']});
      google.setOnLoadCallback(drawTable);
      var suiteTableInitFunctions = new Array();
      var suiteTableData = new Array();
    </script>
    <!--
      <script type="text/javascript" src="jquery-ui/js/jquery-ui-1.8.16.custom.min.js"></script>
     -->
  </head>

  <body>    <div class="top-banner-root">
      <span class="top-banner-title-font">Test results</span>
      <button id="button" class="button">Switch Retro Theme</button> <!-- button -->
      <br/>
      <span class="top-banner-font-1">1 suite, 2 failed tests</span>
    </div> <!-- top-banner-root -->
    <div class="navigator-root">
      <div class="navigator-suite-header">
        <span>All suites</span>
        <a href="#" title="Collapse/expand all the suites" class="collapse-all-link">
          <img src="collapseall.gif" class="collapse-all-icon">
          </img> <!-- collapse-all-icon -->
        </a> <!-- collapse-all-link -->
      </div> <!-- navigator-suite-header -->
      <div class="suite">
        <div class="rounded-window">
          <div class="suite-header light-rounded-window-top">
            <a href="#" panel-name="suite-FinalCapstoneSuite" class="navigator-link">
              <span class="suite-name border-failed">FinalCapstoneSuite</span>
            </a> <!-- navigator-link -->
          </div> <!-- suite-header light-rounded-window-top -->
          <div class="navigator-suite-content">
            <div class="suite-section-title">
              <span>Info</span>
            </div> <!-- suite-section-title -->
            <div class="suite-section-content">
              <ul>
                <li>
                  <a href="#" panel-name="test-xml-FinalCapstoneSuite" class="navigator-link ">
                    <span>D:\pgms\Capstone-Project\testng.xml</span>
                  </a> <!-- navigator-link  -->
                </li>
                <li>
                  <a href="#" panel-name="testlist-FinalCapstoneSuite" class="navigator-link ">
                    <span class="test-stats">1 test</span>
                  </a> <!-- navigator-link  -->
                </li>
                <li>
                  <a href="#" panel-name="group-FinalCapstoneSuite" class="navigator-link ">
                    <span>0 groups</span>
                  </a> <!-- navigator-link  -->
                </li>
                <li>
                  <a href="#" panel-name="times-FinalCapstoneSuite" class="navigator-link ">
                    <span>Times</span>
                  </a> <!-- navigator-link  -->
                </li>
                <li>
                  <a href="#" panel-name="reporter-FinalCapstoneSuite" class="navigator-link ">
                    <span>Reporter output</span>
                  </a> <!-- navigator-link  -->
                </li>
                <li>
                  <a href="#" panel-name="ignored-methods-FinalCapstoneSuite" class="navigator-link ">
                    <span>Ignored methods</span>
                  </a> <!-- navigator-link  -->
                </li>
                <li>
                  <a href="#" panel-name="chronological-FinalCapstoneSuite" class="navigator-link ">
                    <span>Chronological view</span>
                  </a> <!-- navigator-link  -->
                </li>
              </ul>
            </div> <!-- suite-section-content -->
            <div class="result-section">
              <div class="suite-section-title">
                <span>Results</span>
              </div> <!-- suite-section-title -->
              <div class="suite-section-content">
                <ul>
                  <li>
                    <span class="method-stats">14 methods, 2 failed,  1 skipped,  11 passed</span>
                  </li>
                  <li>
                    <span class="method-list-title failed">Failed methods</span>
                    <span class="show-or-hide-methods failed">
                      <a href="#" panel-name="suite-FinalCapstoneSuite" class="hide-methods failed suite-FinalCapstoneSuite"> (hide)</a> <!-- hide-methods failed suite-FinalCapstoneSuite -->
                      <a href="#" panel-name="suite-FinalCapstoneSuite" class="show-methods failed suite-FinalCapstoneSuite"> (show)</a> <!-- show-methods failed suite-FinalCapstoneSuite -->
                    </span>
                    <div class="method-list-content failed suite-FinalCapstoneSuite">
                      <span>
                        <img src="failed.png" width="3%"/>
                        <a href="#" panel-name="suite-FinalCapstoneSuite" title="testcases.UserManagementTest" class="method navigator-link" hash-for-method="registerUser">registerUser</a> <!-- method navigator-link -->
                      </span>
                      <br/>
                      <span>
                        <img src="failed.png" width="3%"/>
                        <a href="#" panel-name="suite-FinalCapstoneSuite" title="testcases.PaymentPageTest" class="method navigator-link" hash-for-method="verifyPaymentAndConfirmOrder">verifyPaymentAndConfirmOrder</a> <!-- method navigator-link -->
                      </span>
                      <br/>
                    </div> <!-- method-list-content failed suite-FinalCapstoneSuite -->
                  </li>
                  <li>
                    <span class="method-list-title skipped">Skipped methods</span>
                    <span class="show-or-hide-methods skipped">
                      <a href="#" panel-name="suite-FinalCapstoneSuite" class="hide-methods skipped suite-FinalCapstoneSuite"> (hide)</a> <!-- hide-methods skipped suite-FinalCapstoneSuite -->
                      <a href="#" panel-name="suite-FinalCapstoneSuite" class="show-methods skipped suite-FinalCapstoneSuite"> (show)</a> <!-- show-methods skipped suite-FinalCapstoneSuite -->
                    </span>
                    <div class="method-list-content skipped suite-FinalCapstoneSuite">
                      <span>
                        <img src="skipped.png" width="3%"/>
                        <a href="#" panel-name="suite-FinalCapstoneSuite" title="testcases.UserManagementTest" class="method navigator-link" hash-for-method="deleteUser">deleteUser</a> <!-- method navigator-link -->
                      </span>
                      <br/>
                    </div> <!-- method-list-content skipped suite-FinalCapstoneSuite -->
                  </li>
                  <li>
                    <span class="method-list-title passed">Passed methods</span>
                    <span class="show-or-hide-methods passed">
                      <a href="#" panel-name="suite-FinalCapstoneSuite" class="hide-methods passed suite-FinalCapstoneSuite"> (hide)</a> <!-- hide-methods passed suite-FinalCapstoneSuite -->
                      <a href="#" panel-name="suite-FinalCapstoneSuite" class="show-methods passed suite-FinalCapstoneSuite"> (show)</a> <!-- show-methods passed suite-FinalCapstoneSuite -->
                    </span>
                    <div class="method-list-content passed suite-FinalCapstoneSuite">
                      <span>
                        <img src="passed.png" width="3%"/>
                        <a href="#" panel-name="suite-FinalCapstoneSuite" title="testcases.ProductPageTest" class="method navigator-link" hash-for-method="verifyAddProductToCart">verifyAddProductToCart</a> <!-- method navigator-link -->
                      </span>
                      <br/>
                      <span>
                        <img src="passed.png" width="3%"/>
                        <a href="#" panel-name="suite-FinalCapstoneSuite" title="testcases.CartPageTest" class="method navigator-link" hash-for-method="verifyCartAndProceedToCheckout">verifyCartAndProceedToCheckout</a> <!-- method navigator-link -->
                      </span>
                      <br/>
                      <span>
                        <img src="passed.png" width="3%"/>
                        <a href="#" panel-name="suite-FinalCapstoneSuite" title="testcases.CheckoutPageTest" class="method navigator-link" hash-for-method="verifyCheckoutPageAndPlaceOrder">verifyCheckoutPageAndPlaceOrder</a> <!-- method navigator-link -->
                      </span>
                      <br/>
                      <span>
                        <img src="passed.png" width="3%"/>
                        <a href="#" panel-name="suite-FinalCapstoneSuite" title="testcases.ContactUsTest" class="method navigator-link" hash-for-method="verifyContactUsFormSubmission">verifyContactUsFormSubmission</a> <!-- method navigator-link -->
                      </span>
                      <br/>
                      <span>
                        <img src="passed.png" width="3%"/>
                        <a href="#" panel-name="suite-FinalCapstoneSuite" title="testcases.HomePageTest" class="method navigator-link" hash-for-method="verifyHomePageTitle">verifyHomePageTitle</a> <!-- method navigator-link -->
                      </span>
                      <br/>
                      <span>
                        <img src="passed.png" width="3%"/>
                        <a href="#" panel-name="suite-FinalCapstoneSuite" title="testcases.LoginPageTest" class="method navigator-link" hash-for-method="verifyInvalidLoginShowsError">verifyInvalidLoginShowsError</a> <!-- method navigator-link -->
                      </span>
                      <br/>
                      <span>
                        <img src="passed.png" width="3%"/>
                        <a href="#" panel-name="suite-FinalCapstoneSuite" title="testcases.LoginPageTest" class="method navigator-link" hash-for-method="verifyLoginFunctionality">verifyLoginFunctionality</a> <!-- method navigator-link -->
                      </span>
                      <br/>
                      <span>
                        <img src="passed.png" width="3%"/>
                        <a href="#" panel-name="suite-FinalCapstoneSuite" title="testcases.HomePageTest" class="method navigator-link" hash-for-method="verifySignUpButtonNavigation">verifySignUpButtonNavigation</a> <!-- method navigator-link -->
                      </span>
                      <br/>
                      <span>
                        <img src="passed.png" width="3%"/>
                        <a href="#" panel-name="suite-FinalCapstoneSuite" title="testcases.LoginPageTest" class="method navigator-link" hash-for-method="verifySignupFunctionality">verifySignupFunctionality</a> <!-- method navigator-link -->
                      </span>
                      <br/>
                      <span>
                        <img src="passed.png" width="3%"/>
                        <a href="#" panel-name="suite-FinalCapstoneSuite" title="testcases.TestCasesPageTest" class="method navigator-link" hash-for-method="verifyTestCasesPage">verifyTestCasesPage</a> <!-- method navigator-link -->
                      </span>
                      <br/>
                      <span>
                        <img src="passed.png" width="3%"/>
                        <a href="#" panel-name="suite-FinalCapstoneSuite" title="testcases.ProductPageTest" class="method navigator-link" hash-for-method="verifyViewProduct">verifyViewProduct</a> <!-- method navigator-link -->
                      </span>
                      <br/>
                    </div> <!-- method-list-content passed suite-FinalCapstoneSuite -->
                  </li>
                </ul>
              </div> <!-- suite-section-content -->
            </div> <!-- result-section -->
          </div> <!-- navigator-suite-content -->
        </div> <!-- rounded-window -->
      </div> <!-- suite -->
    </div> <!-- navigator-root -->
    <div class="wrapper">
      <div class="main-panel-root">
        <div panel-name="suite-FinalCapstoneSuite" class="panel FinalCapstoneSuite">
          <div class="suite-FinalCapstoneSuite-class-failed">
            <div class="main-panel-header rounded-window-top">
              <img src="failed.png"/>
              <span class="class-name">testcases.UserManagementTest</span>
            </div> <!-- main-panel-header rounded-window-top -->
            <div class="main-panel-content rounded-window-bottom">
              <div class="method">
                <div class="method-content">
                  <a name="registerUser">
                  </a> <!-- registerUser -->
                  <span class="method-name">registerUser</span>
                  <div class="stack-trace">org.openqa.selenium.TimeoutException: Expected condition failed: waiting for element to be clickable: By.xpath: //input[@id=&apos;id_gender1&apos;] (tried for 10 second(s) with 500 milliseconds interval)
Build info: version: &apos;4.25.0&apos;, revision: &apos;8a8aea2337&apos;
System info: os.name: &apos;Windows 10&apos;, os.arch: &apos;amd64&apos;, os.version: &apos;10.0&apos;, java.version: &apos;17.0.1&apos;
Driver info: org.openqa.selenium.chrome.ChromeDriver
Capabilities {acceptInsecureCerts: false, browserName: chrome, browserVersion: 139.0.7258.155, chrome: {chromedriverVersion: 139.0.7258.154 (9e0d6b2b47f..., userDataDir: C:\Users\hp\AppData\Local\T...}, fedcm:accounts: true, goog:chromeOptions: {debuggerAddress: localhost:49568}, networkConnectionEnabled: false, pageLoadStrategy: normal, platformName: windows, proxy: Proxy(), se:cdp: ws://localhost:49568/devtoo..., se:cdpVersion: 139.0.7258.155, setWindowRect: true, strictFileInteractability: false, timeouts: {implicit: 0, pageLoad: 300000, script: 30000}, unhandledPromptBehavior: dismiss and notify, webauthn:extension:credBlob: true, webauthn:extension:largeBlob: true, webauthn:extension:minPinLength: true, webauthn:extension:prf: true, webauthn:virtualAuthenticators: true}
Session ID: 7d37d4d29731e71812c2dd7f60d8d56a
	at org.openqa.selenium.support.ui.WebDriverWait.timeoutException(WebDriverWait.java:84)
	at org.openqa.selenium.support.ui.FluentWait.until(FluentWait.java:228)
	at pages.LoginPage.fillAccountInformation(LoginPage.java:78)
	at testcases.UserManagementTest.registerUser(UserManagementTest.java:24)
	at java.base/java.util.ArrayList.forEach(ArrayList.java:1511)
... Removed 27 stack frames
</div> <!-- stack-trace -->
                </div> <!-- method-content -->
              </div> <!-- method -->
            </div> <!-- main-panel-content rounded-window-bottom -->
          </div> <!-- suite-FinalCapstoneSuite-class-failed -->
          <div class="suite-FinalCapstoneSuite-class-failed">
            <div class="main-panel-header rounded-window-top">
              <img src="failed.png"/>
              <span class="class-name">testcases.PaymentPageTest</span>
            </div> <!-- main-panel-header rounded-window-top -->
            <div class="main-panel-content rounded-window-bottom">
              <div class="method">
                <div class="method-content">
                  <a name="verifyPaymentAndConfirmOrder">
                  </a> <!-- verifyPaymentAndConfirmOrder -->
                  <span class="method-name">verifyPaymentAndConfirmOrder</span>
                  <div class="stack-trace">org.openqa.selenium.ElementClickInterceptedException: element click intercepted: Element &lt;button class=&quot;form-control btn btn-primary submit-button&quot; data-qa=&quot;pay-button&quot; id=&quot;submit&quot; type=&quot;submit&quot;&gt;...&lt;/button&gt; is not clickable at point (760, 565). Other element would receive the click: &lt;iframe id=&quot;aswift_2&quot; name=&quot;aswift_2&quot; browsingtopics=&quot;true&quot; style=&quot;min-height: auto; max-height: none; min-width: auto; max-width: none; width: 1005px !important; height: 124px !important; display: block; margin: 0px auto;&quot; sandbox=&quot;allow-forms allow-popups allow-popups-to-escape-sandbox allow-same-origin allow-scripts allow-top-navigation-by-user-activation&quot; width=&quot;1005&quot; height=&quot;124&quot; frameborder=&quot;0&quot; marginwidth=&quot;0&quot; marginheight=&quot;0&quot; vspace=&quot;0&quot; hspace=&quot;0&quot; allowtransparency=&quot;true&quot; scrolling=&quot;no&quot; allow=&quot;attribution-reporting; run-ad-auction&quot; src=&quot;https://googleads.g.doubleclick.net/pagead/html/r20250904/r20190131/zrt_lookup_fy2021.html#RS-0-&amp;amp;adk=1812271801&amp;amp;client=ca-pub-1677597403311019&amp;amp;fa=1&amp;amp;ifi=3&amp;amp;uci=a!3&amp;amp;btvi=2&quot; data-google-container-id=&quot;a!3&quot; tabindex=&quot;0&quot; title=&quot;Advertisement&quot; aria-label=&quot;Advertisement&quot; data-google-query-id=&quot;COPT8bfvyo8DFXiqZgIdcWId0Q&quot; data-load-complete=&quot;true&quot;&gt;&lt;/iframe&gt;
  (Session info: chrome=139.0.7258.155)
Build info: version: &apos;4.25.0&apos;, revision: &apos;8a8aea2337&apos;
System info: os.name: &apos;Windows 10&apos;, os.arch: &apos;amd64&apos;, os.version: &apos;10.0&apos;, java.version: &apos;17.0.1&apos;
Driver info: org.openqa.selenium.chrome.ChromeDriver
Command: [e281132d91c0931b9958da422f4b72c1, clickElement {id=f.4E30525366C27AB046420A55F0CB3DC9.d.5DBCDF4EFD8F71C2D14DA13190AA80FC.e.46}]
Capabilities {acceptInsecureCerts: false, browserName: chrome, browserVersion: 139.0.7258.155, chrome: {chromedriverVersion: 139.0.7258.154 (9e0d6b2b47f..., userDataDir: C:\Users\hp\AppData\Local\T...}, fedcm:accounts: true, goog:chromeOptions: {debuggerAddress: localhost:51302}, networkConnectionEnabled: false, pageLoadStrategy: normal, platformName: windows, proxy: Proxy(), se:cdp: ws://localhost:51302/devtoo..., se:cdpVersion: 139.0.7258.155, setWindowRect: true, strictFileInteractability: false, timeouts: {implicit: 0, pageLoad: 300000, script: 30000}, unhandledPromptBehavior: dismiss and notify, webauthn:extension:credBlob: true, webauthn:extension:largeBlob: true, webauthn:extension:minPinLength: true, webauthn:extension:prf: true, webauthn:virtualAuthenticators: true}
Element: [[ChromeDriver: chrome on windows (e281132d91c0931b9958da422f4b72c1)] -&gt; id: submit]
Session ID: e281132d91c0931b9958da422f4b72c1
	at org.openqa.selenium.remote.ErrorCodec.decode(ErrorCodec.java:167)
	at org.openqa.selenium.remote.codec.w3c.W3CHttpResponseCodec.decode(W3CHttpResponseCodec.java:138)
	at org.openqa.selenium.remote.codec.w3c.W3CHttpResponseCodec.decode(W3CHttpResponseCodec.java:50)
	at org.openqa.selenium.remote.HttpCommandExecutor.execute(HttpCommandExecutor.java:190)
	at org.openqa.selenium.remote.service.DriverCommandExecutor.invokeExecute(DriverCommandExecutor.java:216)
	at org.openqa.selenium.remote.service.DriverCommandExecutor.execute(DriverCommandExecutor.java:174)
	at org.openqa.selenium.remote.RemoteWebDriver.execute(RemoteWebDriver.java:545)
	at org.openqa.selenium.remote.RemoteWebElement.execute(RemoteWebElement.java:223)
	at org.openqa.selenium.remote.RemoteWebElement.click(RemoteWebElement.java:76)
	at pages.PaymentPage.confirmOrder(PaymentPage.java:30)
	at testcases.PaymentPageTest.verifyPaymentAndConfirmOrder(PaymentPageTest.java:22)
	at java.base/java.util.ArrayList.forEach(ArrayList.java:1511)
... Removed 32 stack frames
</div> <!-- stack-trace -->
                </div> <!-- method-content -->
              </div> <!-- method -->
            </div> <!-- main-panel-content rounded-window-bottom -->
          </div> <!-- suite-FinalCapstoneSuite-class-failed -->
          <div class="suite-FinalCapstoneSuite-class-skipped">
            <div class="main-panel-header rounded-window-top">
              <img src="skipped.png"/>
              <span class="class-name">testcases.UserManagementTest</span>
            </div> <!-- main-panel-header rounded-window-top -->
            <div class="main-panel-content rounded-window-bottom">
              <div class="method">
                <div class="method-content">
                  <a name="deleteUser">
                  </a> <!-- deleteUser -->
                  <span class="method-name">deleteUser</span>
                  <div class="stack-trace">java.lang.Throwable: Method testcases.UserManagementTest.deleteUser() on instance testcases.UserManagementTest@1190200a depends on not successfully finished methods 
[testcases.UserManagementTest.registerUser() on instance testcases.UserManagementTest@1190200a]
	at java.base/java.util.ArrayList.forEach(ArrayList.java:1511)
... Removed 18 stack frames
</div> <!-- stack-trace -->
                </div> <!-- method-content -->
              </div> <!-- method -->
            </div> <!-- main-panel-content rounded-window-bottom -->
          </div> <!-- suite-FinalCapstoneSuite-class-skipped -->
          <div class="suite-FinalCapstoneSuite-class-passed">
            <div class="main-panel-header rounded-window-top">
              <img src="passed.png"/>
              <span class="class-name">testcases.ProductPageTest</span>
            </div> <!-- main-panel-header rounded-window-top -->
            <div class="main-panel-content rounded-window-bottom">
              <div class="method">
                <div class="method-content">
                  <a name="verifyAddProductToCart">
                  </a> <!-- verifyAddProductToCart -->
                  <span class="method-name">verifyAddProductToCart</span>
                </div> <!-- method-content -->
              </div> <!-- method -->
              <div class="method">
                <div class="method-content">
                  <a name="verifyViewProduct">
                  </a> <!-- verifyViewProduct -->
                  <span class="method-name">verifyViewProduct</span>
                </div> <!-- method-content -->
              </div> <!-- method -->
            </div> <!-- main-panel-content rounded-window-bottom -->
          </div> <!-- suite-FinalCapstoneSuite-class-passed -->
          <div class="suite-FinalCapstoneSuite-class-passed">
            <div class="main-panel-header rounded-window-top">
              <img src="passed.png"/>
              <span class="class-name">testcases.TestCasesPageTest</span>
            </div> <!-- main-panel-header rounded-window-top -->
            <div class="main-panel-content rounded-window-bottom">
              <div class="method">
                <div class="method-content">
                  <a name="verifyTestCasesPage">
                  </a> <!-- verifyTestCasesPage -->
                  <span class="method-name">verifyTestCasesPage</span>
                </div> <!-- method-content -->
              </div> <!-- method -->
            </div> <!-- main-panel-content rounded-window-bottom -->
          </div> <!-- suite-FinalCapstoneSuite-class-passed -->
          <div class="suite-FinalCapstoneSuite-class-passed">
            <div class="main-panel-header rounded-window-top">
              <img src="passed.png"/>
              <span class="class-name">testcases.CheckoutPageTest</span>
            </div> <!-- main-panel-header rounded-window-top -->
            <div class="main-panel-content rounded-window-bottom">
              <div class="method">
                <div class="method-content">
                  <a name="verifyCheckoutPageAndPlaceOrder">
                  </a> <!-- verifyCheckoutPageAndPlaceOrder -->
                  <span class="method-name">verifyCheckoutPageAndPlaceOrder</span>
                </div> <!-- method-content -->
              </div> <!-- method -->
            </div> <!-- main-panel-content rounded-window-bottom -->
          </div> <!-- suite-FinalCapstoneSuite-class-passed -->
          <div class="suite-FinalCapstoneSuite-class-passed">
            <div class="main-panel-header rounded-window-top">
              <img src="passed.png"/>
              <span class="class-name">testcases.CartPageTest</span>
            </div> <!-- main-panel-header rounded-window-top -->
            <div class="main-panel-content rounded-window-bottom">
              <div class="method">
                <div class="method-content">
                  <a name="verifyCartAndProceedToCheckout">
                  </a> <!-- verifyCartAndProceedToCheckout -->
                  <span class="method-name">verifyCartAndProceedToCheckout</span>
                </div> <!-- method-content -->
              </div> <!-- method -->
            </div> <!-- main-panel-content rounded-window-bottom -->
          </div> <!-- suite-FinalCapstoneSuite-class-passed -->
          <div class="suite-FinalCapstoneSuite-class-passed">
            <div class="main-panel-header rounded-window-top">
              <img src="passed.png"/>
              <span class="class-name">testcases.HomePageTest</span>
            </div> <!-- main-panel-header rounded-window-top -->
            <div class="main-panel-content rounded-window-bottom">
              <div class="method">
                <div class="method-content">
                  <a name="verifyHomePageTitle">
                  </a> <!-- verifyHomePageTitle -->
                  <span class="method-name">verifyHomePageTitle</span>
                </div> <!-- method-content -->
              </div> <!-- method -->
              <div class="method">
                <div class="method-content">
                  <a name="verifySignUpButtonNavigation">
                  </a> <!-- verifySignUpButtonNavigation -->
                  <span class="method-name">verifySignUpButtonNavigation</span>
                </div> <!-- method-content -->
              </div> <!-- method -->
            </div> <!-- main-panel-content rounded-window-bottom -->
          </div> <!-- suite-FinalCapstoneSuite-class-passed -->
          <div class="suite-FinalCapstoneSuite-class-passed">
            <div class="main-panel-header rounded-window-top">
              <img src="passed.png"/>
              <span class="class-name">testcases.ContactUsTest</span>
            </div> <!-- main-panel-header rounded-window-top -->
            <div class="main-panel-content rounded-window-bottom">
              <div class="method">
                <div class="method-content">
                  <a name="verifyContactUsFormSubmission">
                  </a> <!-- verifyContactUsFormSubmission -->
                  <span class="method-name">verifyContactUsFormSubmission</span>
                </div> <!-- method-content -->
              </div> <!-- method -->
            </div> <!-- main-panel-content rounded-window-bottom -->
          </div> <!-- suite-FinalCapstoneSuite-class-passed -->
          <div class="suite-FinalCapstoneSuite-class-passed">
            <div class="main-panel-header rounded-window-top">
              <img src="passed.png"/>
              <span class="class-name">testcases.LoginPageTest</span>
            </div> <!-- main-panel-header rounded-window-top -->
            <div class="main-panel-content rounded-window-bottom">
              <div class="method">
                <div class="method-content">
                  <a name="verifyInvalidLoginShowsError">
                  </a> <!-- verifyInvalidLoginShowsError -->
                  <span class="method-name">verifyInvalidLoginShowsError</span>
                </div> <!-- method-content -->
              </div> <!-- method -->
              <div class="method">
                <div class="method-content">
                  <a name="verifyLoginFunctionality">
                  </a> <!-- verifyLoginFunctionality -->
                  <span class="method-name">verifyLoginFunctionality</span>
                </div> <!-- method-content -->
              </div> <!-- method -->
              <div class="method">
                <div class="method-content">
                  <a name="verifySignupFunctionality">
                  </a> <!-- verifySignupFunctionality -->
                  <span class="method-name">verifySignupFunctionality</span>
                </div> <!-- method-content -->
              </div> <!-- method -->
            </div> <!-- main-panel-content rounded-window-bottom -->
          </div> <!-- suite-FinalCapstoneSuite-class-passed -->
        </div> <!-- panel FinalCapstoneSuite -->
        <div panel-name="test-xml-FinalCapstoneSuite" class="panel">
          <div class="main-panel-header rounded-window-top">
            <span class="header-content">D:\pgms\Capstone-Project\testng.xml</span>
          </div> <!-- main-panel-header rounded-window-top -->
          <div class="main-panel-content rounded-window-bottom">
            <pre>
&lt;?xml version=&quot;1.0&quot; encoding=&quot;UTF-8&quot;?&gt;
&lt;!DOCTYPE suite SYSTEM &quot;https://testng.org/testng-1.0.dtd&quot;&gt;
&lt;suite name=&quot;FinalCapstoneSuite&quot;&gt;
  &lt;test thread-count=&quot;5&quot; name=&quot;AllTests&quot;&gt;
    &lt;classes&gt;
      &lt;class name=&quot;testcases.LoginPageTest&quot;/&gt;
      &lt;class name=&quot;testcases.UserManagementTest&quot;/&gt;
      &lt;class name=&quot;testcases.ProductPageTest&quot;/&gt;
      &lt;class name=&quot;testcases.CheckoutPageTest&quot;/&gt;
      &lt;class name=&quot;testcases.TestCasesPageTest&quot;/&gt;
      &lt;class name=&quot;testcases.CartPageTest&quot;/&gt;
      &lt;class name=&quot;testcases.PaymentPageTest&quot;/&gt;
      &lt;class name=&quot;testcases.HomePageTest&quot;/&gt;
      &lt;class name=&quot;testcases.ContactUsTest&quot;/&gt;
    &lt;/classes&gt;
  &lt;/test&gt; &lt;!-- AllTests --&gt;
&lt;/suite&gt; &lt;!-- FinalCapstoneSuite --&gt;
            </pre>
          </div> <!-- main-panel-content rounded-window-bottom -->
        </div> <!-- panel -->
        <div panel-name="testlist-FinalCapstoneSuite" class="panel">
          <div class="main-panel-header rounded-window-top">
            <span class="header-content">Tests for FinalCapstoneSuite</span>
          </div> <!-- main-panel-header rounded-window-top -->
          <div class="main-panel-content rounded-window-bottom">
            <ul>
              <li>
                <span class="test-name">AllTests (9 classes)</span>
              </li>
            </ul>
          </div> <!-- main-panel-content rounded-window-bottom -->
        </div> <!-- panel -->
        <div panel-name="group-FinalCapstoneSuite" class="panel">
          <div class="main-panel-header rounded-window-top">
            <span class="header-content">Groups for FinalCapstoneSuite</span>
          </div> <!-- main-panel-header rounded-window-top -->
          <div class="main-panel-content rounded-window-bottom">
          </div> <!-- main-panel-content rounded-window-bottom -->
        </div> <!-- panel -->
        <div panel-name="times-FinalCapstoneSuite" class="panel">
          <div class="main-panel-header rounded-window-top">
            <span class="header-content">Times for FinalCapstoneSuite</span>
          </div> <!-- main-panel-header rounded-window-top -->
          <div class="main-panel-content rounded-window-bottom">
            <div class="times-div">
              <script type="text/javascript">
suiteTableInitFunctions.push('tableData_FinalCapstoneSuite');
function tableData_FinalCapstoneSuite() {
var data = new google.visualization.DataTable();
data.addColumn('number', 'Number');
data.addColumn('string', 'Method');
data.addColumn('string', 'Class');
data.addColumn('number', 'Time (ms)');
data.addRows(14);
data.setCell(0, 0, 0)
data.setCell(0, 1, 'verifyCheckoutPageAndPlaceOrder')
data.setCell(0, 2, 'testcases.CheckoutPageTest')
data.setCell(0, 3, 160259);
data.setCell(1, 0, 1)
data.setCell(1, 1, 'verifyAddProductToCart')
data.setCell(1, 2, 'testcases.ProductPageTest')
data.setCell(1, 3, 69686);
data.setCell(2, 0, 2)
data.setCell(2, 1, 'verifyViewProduct')
data.setCell(2, 2, 'testcases.ProductPageTest')
data.setCell(2, 3, 57134);
data.setCell(3, 0, 3)
data.setCell(3, 1, 'verifyHomePageTitle')
data.setCell(3, 2, 'testcases.HomePageTest')
data.setCell(3, 3, 47596);
data.setCell(4, 0, 4)
data.setCell(4, 1, 'verifyContactUsFormSubmission')
data.setCell(4, 2, 'testcases.ContactUsTest')
data.setCell(4, 3, 43556);
data.setCell(5, 0, 5)
data.setCell(5, 1, 'verifyLoginFunctionality')
data.setCell(5, 2, 'testcases.LoginPageTest')
data.setCell(5, 3, 39745);
data.setCell(6, 0, 6)
data.setCell(6, 1, 'verifyTestCasesPage')
data.setCell(6, 2, 'testcases.TestCasesPageTest')
data.setCell(6, 3, 27661);
data.setCell(7, 0, 7)
data.setCell(7, 1, 'registerUser')
data.setCell(7, 2, 'testcases.UserManagementTest')
data.setCell(7, 3, 26610);
data.setCell(8, 0, 8)
data.setCell(8, 1, 'verifySignUpButtonNavigation')
data.setCell(8, 2, 'testcases.HomePageTest')
data.setCell(8, 3, 23762);
data.setCell(9, 0, 9)
data.setCell(9, 1, 'verifyCartAndProceedToCheckout')
data.setCell(9, 2, 'testcases.CartPageTest')
data.setCell(9, 3, 21989);
data.setCell(10, 0, 10)
data.setCell(10, 1, 'verifyInvalidLoginShowsError')
data.setCell(10, 2, 'testcases.LoginPageTest')
data.setCell(10, 3, 10811);
data.setCell(11, 0, 11)
data.setCell(11, 1, 'verifyPaymentAndConfirmOrder')
data.setCell(11, 2, 'testcases.PaymentPageTest')
data.setCell(11, 3, 10223);
data.setCell(12, 0, 12)
data.setCell(12, 1, 'verifySignupFunctionality')
data.setCell(12, 2, 'testcases.LoginPageTest')
data.setCell(12, 3, 8211);
data.setCell(13, 0, 13)
data.setCell(13, 1, 'deleteUser')
data.setCell(13, 2, 'testcases.UserManagementTest')
data.setCell(13, 3, 0);
window.suiteTableData['FinalCapstoneSuite']= { tableData: data, tableDiv: 'times-div-FinalCapstoneSuite'}
return data;
}
              </script>
              <span class="suite-total-time">Total running time: 9 minutes</span>
              <div id="times-div-FinalCapstoneSuite">
              </div> <!-- times-div-FinalCapstoneSuite -->
            </div> <!-- times-div -->
          </div> <!-- main-panel-content rounded-window-bottom -->
        </div> <!-- panel -->
        <div panel-name="reporter-FinalCapstoneSuite" class="panel">
          <div class="main-panel-header rounded-window-top">
            <span class="header-content">Reporter output for FinalCapstoneSuite</span>
          </div> <!-- main-panel-header rounded-window-top -->
          <div class="main-panel-content rounded-window-bottom">
          </div> <!-- main-panel-content rounded-window-bottom -->
        </div> <!-- panel -->
        <div panel-name="ignored-methods-FinalCapstoneSuite" class="panel">
          <div class="main-panel-header rounded-window-top">
            <span class="header-content">16 ignored methods</span>
          </div> <!-- main-panel-header rounded-window-top -->
          <div class="main-panel-content rounded-window-bottom">
            <div class="ignored-class-div">
              <span class="ignored-class-name">testcases.ProductPageTest</span>
              <div class="ignored-methods-div">
                <span class="ignored-method-name">tearDownExtent</span>
                <br/>
                <span class="ignored-method-name">setupExtent</span>
                <br/>
              </div> <!-- ignored-methods-div -->
            </div> <!-- ignored-class-div -->
            <div class="ignored-class-div">
              <span class="ignored-class-name">testcases.UserManagementTest</span>
              <div class="ignored-methods-div">
                <span class="ignored-method-name">setupExtent</span>
                <br/>
                <span class="ignored-method-name">tearDownExtent</span>
                <br/>
              </div> <!-- ignored-methods-div -->
            </div> <!-- ignored-class-div -->
            <div class="ignored-class-div">
              <span class="ignored-class-name">testcases.TestCasesPageTest</span>
              <div class="ignored-methods-div">
                <span class="ignored-method-name">tearDownExtent</span>
                <br/>
                <span class="ignored-method-name">setupExtent</span>
                <br/>
              </div> <!-- ignored-methods-div -->
            </div> <!-- ignored-class-div -->
            <div class="ignored-class-div">
              <span class="ignored-class-name">testcases.CheckoutPageTest</span>
              <div class="ignored-methods-div">
                <span class="ignored-method-name">tearDownExtent</span>
                <br/>
                <span class="ignored-method-name">setupExtent</span>
                <br/>
              </div> <!-- ignored-methods-div -->
            </div> <!-- ignored-class-div -->
            <div class="ignored-class-div">
              <span class="ignored-class-name">testcases.CartPageTest</span>
              <div class="ignored-methods-div">
                <span class="ignored-method-name">setupExtent</span>
                <br/>
                <span class="ignored-method-name">tearDownExtent</span>
                <br/>
              </div> <!-- ignored-methods-div -->
            </div> <!-- ignored-class-div -->
            <div class="ignored-class-div">
              <span class="ignored-class-name">testcases.HomePageTest</span>
              <div class="ignored-methods-div">
                <span class="ignored-method-name">setupExtent</span>
                <br/>
                <span class="ignored-method-name">tearDownExtent</span>
                <br/>
              </div> <!-- ignored-methods-div -->
            </div> <!-- ignored-class-div -->
            <div class="ignored-class-div">
              <span class="ignored-class-name">testcases.ContactUsTest</span>
              <div class="ignored-methods-div">
                <span class="ignored-method-name">tearDownExtent</span>
                <br/>
                <span class="ignored-method-name">setupExtent</span>
                <br/>
              </div> <!-- ignored-methods-div -->
            </div> <!-- ignored-class-div -->
            <div class="ignored-class-div">
              <span class="ignored-class-name">testcases.PaymentPageTest</span>
              <div class="ignored-methods-div">
                <span class="ignored-method-name">setupExtent</span>
                <br/>
                <span class="ignored-method-name">tearDownExtent</span>
                <br/>
              </div> <!-- ignored-methods-div -->
            </div> <!-- ignored-class-div -->
          </div> <!-- main-panel-content rounded-window-bottom -->
        </div> <!-- panel -->
        <div panel-name="chronological-FinalCapstoneSuite" class="panel">
          <div class="main-panel-header rounded-window-top">
            <span class="header-content">Methods in chronological order</span>
          </div> <!-- main-panel-header rounded-window-top -->
          <div class="main-panel-content rounded-window-bottom">
            <div class="chronological-class">
              <div class="chronological-class-name">testcases.LoginPageTest</div> <!-- chronological-class-name -->
              <div class="configuration-suite before">
                <span class="method-name">setupExtent</span>
                <span class="method-start">0 ms</span>
              </div> <!-- configuration-suite before -->
              <div class="configuration-method before">
                <span class="method-name">setUp(public void testcases.LoginPageTest.verifyLoginFunctionality())</span>
                <span class="method-start">424 ms</span>
              </div> <!-- configuration-method before -->
              <div class="test-method">
                <span class="method-name">verifyLoginFunctionality</span>
                <span class="method-start">2808 ms</span>
              </div> <!-- test-method -->
              <div class="configuration-method after">
                <span class="method-name">tearDown([TestResult name=verifyLoginFunctionality status=SUCCESS method=LoginPageTest.verifyLoginFunctionali...)</span>
                <span class="method-start">42555 ms</span>
              </div> <!-- configuration-method after -->
              <div class="configuration-method before">
                <span class="method-name">setUp(public void testcases.LoginPageTest.verifySignupFunctionality())</span>
                <span class="method-start">43344 ms</span>
              </div> <!-- configuration-method before -->
              <div class="test-method">
                <span class="method-name">verifySignupFunctionality</span>
                <span class="method-start">44679 ms</span>
              </div> <!-- test-method -->
              <div class="configuration-method after">
                <span class="method-name">tearDown([TestResult name=verifySignupFunctionality status=SUCCESS method=LoginPageTest.verifySignupFunctiona...)</span>
                <span class="method-start">52891 ms</span>
              </div> <!-- configuration-method after -->
              <div class="configuration-method before">
                <span class="method-name">setUp(public void testcases.LoginPageTest.verifyInvalidLoginShowsError())</span>
                <span class="method-start">53330 ms</span>
              </div> <!-- configuration-method before -->
              <div class="test-method">
                <span class="method-name">verifyInvalidLoginShowsError</span>
                <span class="method-start">54522 ms</span>
              </div> <!-- test-method -->
              <div class="configuration-method after">
                <span class="method-name">tearDown([TestResult name=verifyInvalidLoginShowsError status=SUCCESS method=LoginPageTest.verifyInvalidLogin...)</span>
                <span class="method-start">65334 ms</span>
              </div> <!-- configuration-method after -->
            </div> <!-- chronological-class -->
            <div class="chronological-class">
              <div class="chronological-class-name">testcases.UserManagementTest</div> <!-- chronological-class-name -->
              <div class="configuration-method before">
                <span class="method-name">setUp(public void testcases.UserManagementTest.registerUser())</span>
                <span class="method-start">65748 ms</span>
              </div> <!-- configuration-method before -->
              <div class="test-method">
                <img src="failed.png">
                </img>
                <span class="method-name">registerUser</span>
                <span class="method-start">67059 ms</span>
              </div> <!-- test-method -->
              <div class="configuration-method after">
                <span class="method-name">tearDown([TestResult name=registerUser status=FAILURE method=UserManagementTest.registerUser()[pri:1, instanc...)</span>
                <span class="method-start">93678 ms</span>
              </div> <!-- configuration-method after -->
            </div> <!-- chronological-class -->
            <div class="chronological-class">
              <div class="chronological-class-name">testcases.ProductPageTest</div> <!-- chronological-class-name -->
              <div class="configuration-method before">
                <span class="method-name">setUp(public void testcases.ProductPageTest.verifyAddProductToCart())</span>
                <span class="method-start">94188 ms</span>
              </div> <!-- configuration-method before -->
              <div class="test-method">
                <span class="method-name">verifyAddProductToCart</span>
                <span class="method-start">95587 ms</span>
              </div> <!-- test-method -->
              <div class="configuration-method after">
                <span class="method-name">tearDown([TestResult name=verifyAddProductToCart status=SUCCESS method=ProductPageTest.verifyAddProductToCart...)</span>
                <span class="method-start">165274 ms</span>
              </div> <!-- configuration-method after -->
              <div class="configuration-method before">
                <span class="method-name">setUp(public void testcases.ProductPageTest.verifyViewProduct())</span>
                <span class="method-start">165759 ms</span>
              </div> <!-- configuration-method before -->
              <div class="test-method">
                <span class="method-name">verifyViewProduct</span>
                <span class="method-start">166993 ms</span>
              </div> <!-- test-method -->
              <div class="configuration-method after">
                <span class="method-name">tearDown([TestResult name=verifyViewProduct status=SUCCESS method=ProductPageTest.verifyViewProduct()[pri:2, ...)</span>
                <span class="method-start">224128 ms</span>
              </div> <!-- configuration-method after -->
            </div> <!-- chronological-class -->
            <div class="chronological-class">
              <div class="chronological-class-name">testcases.CheckoutPageTest</div> <!-- chronological-class-name -->
              <div class="configuration-method before">
                <span class="method-name">setUp(public void testcases.CheckoutPageTest.verifyCheckoutPageAndPlaceOrder())</span>
                <span class="method-start">224695 ms</span>
              </div> <!-- configuration-method before -->
              <div class="test-method">
                <span class="method-name">verifyCheckoutPageAndPlaceOrder</span>
                <span class="method-start">226064 ms</span>
              </div> <!-- test-method -->
              <div class="configuration-method after">
                <span class="method-name">tearDown([TestResult name=verifyCheckoutPageAndPlaceOrder status=SUCCESS method=CheckoutPageTest.verifyChecko...)</span>
                <span class="method-start">386324 ms</span>
              </div> <!-- configuration-method after -->
            </div> <!-- chronological-class -->
            <div class="chronological-class">
              <div class="chronological-class-name">testcases.TestCasesPageTest</div> <!-- chronological-class-name -->
              <div class="configuration-method before">
                <span class="method-name">setUp(public void testcases.TestCasesPageTest.verifyTestCasesPage())</span>
                <span class="method-start">386860 ms</span>
              </div> <!-- configuration-method before -->
              <div class="test-method">
                <span class="method-name">verifyTestCasesPage</span>
                <span class="method-start">388219 ms</span>
              </div> <!-- test-method -->
              <div class="configuration-method after">
                <span class="method-name">tearDown([TestResult name=verifyTestCasesPage status=SUCCESS method=TestCasesPageTest.verifyTestCasesPage()[p...)</span>
                <span class="method-start">415881 ms</span>
              </div> <!-- configuration-method after -->
            </div> <!-- chronological-class -->
            <div class="chronological-class">
              <div class="chronological-class-name">testcases.CartPageTest</div> <!-- chronological-class-name -->
              <div class="configuration-method before">
                <span class="method-name">setUp(public void testcases.CartPageTest.verifyCartAndProceedToCheckout())</span>
                <span class="method-start">416241 ms</span>
              </div> <!-- configuration-method before -->
              <div class="test-method">
                <span class="method-name">verifyCartAndProceedToCheckout</span>
                <span class="method-start">417384 ms</span>
              </div> <!-- test-method -->
              <div class="configuration-method after">
                <span class="method-name">tearDown([TestResult name=verifyCartAndProceedToCheckout status=SUCCESS method=CartPageTest.verifyCartAndProc...)</span>
                <span class="method-start">439373 ms</span>
              </div> <!-- configuration-method after -->
            </div> <!-- chronological-class -->
            <div class="chronological-class">
              <div class="chronological-class-name">testcases.PaymentPageTest</div> <!-- chronological-class-name -->
              <div class="configuration-method before">
                <span class="method-name">setUp(public void testcases.PaymentPageTest.verifyPaymentAndConfirmOrder())</span>
                <span class="method-start">439772 ms</span>
              </div> <!-- configuration-method before -->
              <div class="test-method">
                <img src="failed.png">
                </img>
                <span class="method-name">verifyPaymentAndConfirmOrder</span>
                <span class="method-start">440913 ms</span>
              </div> <!-- test-method -->
              <div class="configuration-method after">
                <span class="method-name">tearDown([TestResult name=verifyPaymentAndConfirmOrder status=FAILURE method=PaymentPageTest.verifyPaymentAnd...)</span>
                <span class="method-start">451137 ms</span>
              </div> <!-- configuration-method after -->
            </div> <!-- chronological-class -->
            <div class="chronological-class">
              <div class="chronological-class-name">testcases.HomePageTest</div> <!-- chronological-class-name -->
              <div class="configuration-method before">
                <span class="method-name">setUp(public void testcases.HomePageTest.verifyHomePageTitle())</span>
                <span class="method-start">451516 ms</span>
              </div> <!-- configuration-method before -->
              <div class="test-method">
                <span class="method-name">verifyHomePageTitle</span>
                <span class="method-start">452663 ms</span>
              </div> <!-- test-method -->
              <div class="configuration-method after">
                <span class="method-name">tearDown([TestResult name=verifyHomePageTitle status=SUCCESS method=HomePageTest.verifyHomePageTitle()[pri:1,...)</span>
                <span class="method-start">500259 ms</span>
              </div> <!-- configuration-method after -->
              <div class="configuration-method before">
                <span class="method-name">setUp(public void testcases.HomePageTest.verifySignUpButtonNavigation())</span>
                <span class="method-start">500700 ms</span>
              </div> <!-- configuration-method before -->
              <div class="test-method">
                <span class="method-name">verifySignUpButtonNavigation</span>
                <span class="method-start">501853 ms</span>
              </div> <!-- test-method -->
              <div class="configuration-method after">
                <span class="method-name">tearDown([TestResult name=verifySignUpButtonNavigation status=SUCCESS method=HomePageTest.verifySignUpButtonN...)</span>
                <span class="method-start">525616 ms</span>
              </div> <!-- configuration-method after -->
            </div> <!-- chronological-class -->
            <div class="chronological-class">
              <div class="chronological-class-name">testcases.ContactUsTest</div> <!-- chronological-class-name -->
              <div class="configuration-method before">
                <span class="method-name">setUp(public void testcases.ContactUsTest.verifyContactUsFormSubmission())</span>
                <span class="method-start">525976 ms</span>
              </div> <!-- configuration-method before -->
              <div class="test-method">
                <span class="method-name">verifyContactUsFormSubmission</span>
                <span class="method-start">527129 ms</span>
              </div> <!-- test-method -->
              <div class="configuration-method after">
                <span class="method-name">tearDown([TestResult name=verifyContactUsFormSubmission status=SUCCESS method=ContactUsTest.verifyContactUsFo...)</span>
                <span class="method-start">570687 ms</span>
              </div> <!-- configuration-method after -->
            </div> <!-- chronological-class -->
            <div class="chronological-class">
              <div class="chronological-class-name">testcases.LoginPageTest</div> <!-- chronological-class-name -->
              <div class="configuration-suite after">
                <span class="method-name">tearDownExtent</span>
                <span class="method-start">571655 ms</span>
              </div> <!-- configuration-suite after -->
          </div> <!-- main-panel-content rounded-window-bottom -->
        </div> <!-- panel -->
      </div> <!-- main-panel-root -->
    </div> <!-- wrapper -->
  </body>
<script type="text/javascript" src="testng-reports2.js"></script>
</html>
